<?xml version="1.0" encoding="UTF-8"?>
<testsuite xmlns:xsi="http://www.w3.org/2001/XMLSchema-instance" xsi:noNamespaceSchemaLocation="https://maven.apache.org/surefire/maven-surefire-plugin/xsd/surefire-test-report.xsd" version="3.0.2" name="grupo05.es.resumen.controller.AuthControllerTest" time="1.495" tests="5" errors="0" skipped="0" failures="0">
  <properties>
[...]
</properties>
  <testcase name="cargarInfoPerfil_escritorNoPagado_redirigeAPago" classname="grupo05.es.resumen.controller.AuthControllerTest" time="0.141">
    <system-out><![CDATA[2025-05-10T19:41:57.245+02:00  INFO 21468 --- [resumenes-api] [           main] t.c.s.AnnotationConfigContextLoaderUtils : Could not detect default configuration classes for test class [grupo05.es.resumen.controller.AuthControllerTest]: AuthControllerTest does not declare any static, non-private, non-final, nested classes annotated with @Configuration.
2025-05-10T19:41:57.303+02:00  INFO 21468 --- [resumenes-api] [           main] .b.t.c.SpringBootTestContextBootstrapper : Found @SpringBootConfiguration grupo05.es.resumen.Application for test class grupo05.es.resumen.controller.AuthControllerTest
2025-05-10T19:41:57.310+02:00  INFO 21468 --- [resumenes-api] [           main] o.s.b.d.r.RestartApplicationListener     : Restart disabled due to context in which it is running

  .   ____          _            __ _ _
 /\\ / ___'_ __ _ _(_)_ __  __ _ \ \ \ \
( ( )\___ | '_ | '_| | '_ \/ _` | \ \ \ \
 \\/  ___)| |_)| | | | | || (_| |  ) ) ) )
  '  |____| .__|_| |_|_| |_\__, | / / / /
 =========|_|==============|___/=/_/_/_/

 :: Spring Boot ::                (v3.4.4)

2025-05-10T19:41:57.334+02:00  INFO 21468 --- [resumenes-api] [           main] g.e.r.controller.AuthControllerTest      : Starting AuthControllerTest using Java 17.0.12 with PID 21468 (started by gonsl in C:\Users\gonsl\Downloads\ISST-24-04-08-05-Corregido\ISST-24-04-08-05-Corregido\ISST-GRUPO05-CASO-2-1)
2025-05-10T19:41:57.335+02:00  INFO 21468 --- [resumenes-api] [           main] g.e.r.controller.AuthControllerTest      : No active profile set, falling back to 1 default profile: "default"
2025-05-10T19:41:57.826+02:00  INFO 21468 --- [resumenes-api] [           main] o.s.v.b.OptionalValidatorFactoryBean     : Failed to set up a Bean Validation provider: jakarta.validation.NoProviderFoundException: Unable to create a Configuration, because no Jakarta Bean Validation provider could be found. Add a provider like Hibernate Validator (RI) to your classpath.
2025-05-10T19:41:57.949+02:00  WARN 21468 --- [resumenes-api] [           main] .s.s.UserDetailsServiceAutoConfiguration : 

Using generated security password: 48a761c9-3906-46c1-93a5-30282c62cd4a

This generated password is for development use only. Your security configuration must be updated before running your application in production.

2025-05-10T19:41:57.953+02:00  INFO 21468 --- [resumenes-api] [           main] r$InitializeUserDetailsManagerConfigurer : Global AuthenticationManager configured with UserDetailsService bean with name inMemoryUserDetailsManager
2025-05-10T19:41:58.061+02:00  INFO 21468 --- [resumenes-api] [           main] o.s.b.t.m.w.SpringBootMockServletContext : Initializing Spring TestDispatcherServlet ''
2025-05-10T19:41:58.061+02:00  INFO 21468 --- [resumenes-api] [           main] o.s.t.web.servlet.TestDispatcherServlet  : Initializing Servlet ''
2025-05-10T19:41:58.063+02:00  INFO 21468 --- [resumenes-api] [           main] o.s.t.web.servlet.TestDispatcherServlet  : Completed initialization in 2 ms
2025-05-10T19:41:58.080+02:00  INFO 21468 --- [resumenes-api] [           main] g.e.r.controller.AuthControllerTest      : Started AuthControllerTest in 0.771 seconds (process running for 11.778)
]]></system-out>
  </testcase>
  <testcase name="mostrarFormularioRegistro_deberiaCargarVistaRegistroConUsuario" classname="grupo05.es.resumen.controller.AuthControllerTest" time="0.395"/>
  <testcase name="cambiarRol_visitanteACambiaAlector_redirigeAPerfil" classname="grupo05.es.resumen.controller.AuthControllerTest" time="0.032"/>
  <testcase name="procesarRegistro_conRolValido_redirigeALogin" classname="grupo05.es.resumen.controller.AuthControllerTest" time="0.017"/>
  <testcase name="cargarInfoPerfil_lectorConFavoritos_devuelveVistaPerfil" classname="grupo05.es.resumen.controller.AuthControllerTest" time="0.057"/>
</testsuite>